<?xml version="1.0" encoding="UTF-8"?>
<!-- Generated by org.testng.reporters.JUnitReportReporter -->
<testsuite hostname="Banus-Air" failures="0" tests="3" name="com.qa.luma.tests.LoginPageTest" time="7.196" errors="0" timestamp="2024-07-14T16:02:27 IST" skipped="0">
  <testcase classname="com.qa.luma.tests.LoginPageTest" name="doLoginTest" time="6.947"/>
  <system-out/>
  <testcase classname="com.qa.luma.tests.LoginPageTest" name="loginPageTitleTest" time="0.197"/>
  <system-out/>
  <testcase classname="com.qa.luma.tests.LoginPageTest" name="loginPageUrlTest" time="0.052"/>
  <system-out/>
</testsuite> <!-- com.qa.luma.tests.LoginPageTest -->
