<?xml version="1.0" encoding="UTF-8"?>
<!-- Generated by org.testng.reporters.JUnitReportReporter -->
<testsuite hostname="Banus-Air" failures="0" tests="1" name="com.qa.luma.tests.HomePageTest" time="11.160" errors="0" timestamp="2024-07-14T16:02:27 IST" skipped="0">
  <testcase classname="com.qa.luma.tests.HomePageTest" name="doSignInTest" time="11.160"/>
  <system-out/>
</testsuite> <!-- com.qa.luma.tests.HomePageTest -->
